<?xml version="1.0" encoding="UTF-8"?>
<testng-results skipped="0" failed="0" ignored="0" total="1" passed="1">
  <reporter-output>
  </reporter-output>
  <suite name="Default suite" duration-ms="55416" started-at="2020-10-31T22:31:50 IST" finished-at="2020-10-31T22:32:45 IST">
    <groups>
    </groups>
    <test name="Default test" duration-ms="55416" started-at="2020-10-31T22:31:50 IST" finished-at="2020-10-31T22:32:45 IST">
      <class name="TestNg_Annotations.Login_Furper">
        <test-method status="PASS" signature="OpenAppln()[pri:0, instance:TestNg_Annotations.Login_Furper@48a242ce]" name="OpenAppln" is-config="true" duration-ms="39552" started-at="2020-10-31T22:31:50 IST" finished-at="2020-10-31T22:32:29 IST">
          <reporter-output>
          </reporter-output>
        </test-method> <!-- OpenAppln -->
        <test-method status="PASS" signature="test1()[pri:0, instance:TestNg_Annotations.Login_Furper@48a242ce]" name="test1" duration-ms="12882" started-at="2020-10-31T22:32:29 IST" finished-at="2020-10-31T22:32:42 IST">
          <reporter-output>
          </reporter-output>
        </test-method> <!-- test1 -->
        <test-method status="PASS" signature="closeAppln()[pri:0, instance:TestNg_Annotations.Login_Furper@48a242ce]" name="closeAppln" is-config="true" duration-ms="2956" started-at="2020-10-31T22:32:42 IST" finished-at="2020-10-31T22:32:45 IST">
          <reporter-output>
          </reporter-output>
        </test-method> <!-- closeAppln -->
      </class> <!-- TestNg_Annotations.Login_Furper -->
    </test> <!-- Default test -->
  </suite> <!-- Default suite -->
</testng-results>
